#
# A fatal error has been detected by the Java Runtime Environment:
#
#  EXCEPTION_ACCESS_VIOLATION (0xc0000005) at pc=0x0000000057198fd6, pid=8076, tid=0x0000000000001c88
#
# JRE version: OpenJDK Runtime Environment (8.0_212-b04) (build 1.8.0_212-release-1586-b04)
# Java VM: OpenJDK 64-Bit Server VM (25.212-b04 mixed mode windows-amd64 compressed oops)
# Problematic frame:
# V  [jvm.dll+0x488fd6]
#
# Failed to write core dump. Minidumps are not enabled by default on client versions of Windows
#
# If you would like to submit a bug report, please visit:
#   
#

---------------  T H R E A D  ---------------

Current thread (0x00000000160f8800):  JavaThread "C2 CompilerThread0" daemon [_thread_in_native, id=7304, stack(0x0000000017770000,0x0000000017870000)]

siginfo: ExceptionCode=0xc0000005, reading address 0x0000000000000010

Registers:
RAX=0x000000002405ff10, RBX=0x000000000020039c, RCX=0x0000000000000004, RDX=0x0000000000000004
RSP=0x000000001786c110, RBP=0x000000001ec650b0, RSI=0x0000000000000028, RDI=0x000000001786c290
R8 =0x0000000010000000, R9 =0x0000000000000000, R10=0x00000000574da650, R11=0x0000000056d10000
R12=0x000000001f899790, R13=0x0000000000000000, R14=0x0000000017dfaae0, R15=0x000000002405ff00
RIP=0x0000000057198fd6, EFLAGS=0x0000000000010206

Top of Stack: (sp=0x000000001786c110)
0x000000001786c110:   0000000000000002 0000000000000018
0x000000001786c120:   0000000000000001 0000000000000000
0x000000001786c130:   0000000000000b38 00000000160c6000
0x000000001786c140:   000000001c1149a0 000000000014a530
0x000000001786c150:   000000001c1197f0 000000001c11c988
0x000000001786c160:   000000005734b338 00000000160c6000
0x000000001786c170:   0000000000000020 000000001ec66410
0x000000001786c180:   000000001786c250 00000000000003d8
0x000000001786c190:   000000001e188808 000000001e188430
0x000000001786c1a0:   0000000000000000 000000001e188420
0x000000001786c1b0:   000000001786c2d0 000000001786c540
0x000000001786c1c0:   000000001786c650 0000000057146913
0x000000001786c1d0:   0000000000000008 0000000000000009
0x000000001786c1e0:   0000000000000168 0000000000000040
0x000000001786c1f0:   0000000000000006 000000001e188420
0x000000001786c200:   000000001a6c2df0 000000001a6c9a60 

Instructions: (pc=0x0000000057198fd6)
0x0000000057198fb6:   15 95 16 34 00 4c 8b c8 8b d3 8b cb 41 b8 01 00
0x0000000057198fc6:   00 00 c1 ea 05 83 e1 1f 83 e2 07 41 d3 e0 8b ca
0x0000000057198fd6:   41 8b 14 91 8b c2 41 0b c0 41 89 04 89 41 85 d0
0x0000000057198fe6:   75 03 41 ff 07 48 8b 45 08 48 8b d3 41 b8 01 00 


Register to memory mapping:

RAX=0x000000002405ff10 is an unknown value
RBX=0x000000000020039c is an unknown value
RCX=0x0000000000000004 is an unknown value
RDX=0x0000000000000004 is an unknown value
RSP=0x000000001786c110 is pointing into the stack for thread: 0x00000000160f8800
RBP=0x000000001ec650b0 is an unknown value
RSI=0x0000000000000028 is an unknown value
RDI=0x000000001786c290 is pointing into the stack for thread: 0x00000000160f8800
R8 =0x0000000010000000 is an unknown value
R9 =0x0000000000000000 is an unknown value
R10=0x00000000574da650 is an unknown value
R11=0x0000000056d10000 is an unknown value
R12=0x000000001f899790 is an unknown value
R13=0x0000000000000000 is an unknown value
R14=0x0000000017dfaae0 is an unknown value
R15=0x000000002405ff00 is an unknown value


Stack: [0x0000000017770000,0x0000000017870000],  sp=0x000000001786c110,  free space=1008k
Native frames: (J=compiled Java code, j=interpreted, Vv=VM code, C=native code)
V  [jvm.dll+0x488fd6]
V  [jvm.dll+0x436913]
V  [jvm.dll+0x44189b]
V  [jvm.dll+0x444198]
V  [jvm.dll+0x4272e2]
V  [jvm.dll+0x81fbf]
V  [jvm.dll+0x8291f]
V  [jvm.dll+0x21db3f]
V  [jvm.dll+0x26f53a]
C  [msvcr100.dll+0x21d9f]
C  [msvcr100.dll+0x21e3b]
C  [KERNEL32.DLL+0x17bd4]
C  [ntdll.dll+0x6ced1]


Current CompileTask:
C2: 450679 21394       4       com.android.tools.r8.u.c.M::a (319 bytes)


---------------  P R O C E S S  ---------------

Java Threads: ( => current thread )
  0x000000001a138000 JavaThread "WorkerExecutor Queue Thread 6" [_thread_blocked, id=9212, stack(0x000000002c760000,0x000000002c860000)]
  0x0000000019512800 JavaThread "ForkJoinPool.commonPool-worker-1" daemon [_thread_blocked, id=9196, stack(0x000000002c460000,0x000000002c560000)]
  0x000000001f7e5000 JavaThread "Cache worker for Java compile cache (C:\Users\raul_\Desktop\Digimind-master\.gradle\5.6.4\javaCompile)" [_thread_blocked, id=9092, stack(0x000000002bd60000,0x000000002be60000)]
  0x000000001f7e0000 JavaThread "Cache worker for Java compile cache (C:\Users\raul_\.gradle\caches\5.6.4\javaCompile)" [_thread_blocked, id=9088, stack(0x000000002b860000,0x000000002b960000)]
  0x000000001fa5f000 JavaThread "RMI TCP Connection(1)-127.0.0.1" daemon [_thread_in_native, id=8432, stack(0x000000002bc60000,0x000000002bd60000)]
  0x000000001fa5d800 JavaThread "RMI Reaper" [_thread_blocked, id=8424, stack(0x000000002bb60000,0x000000002bc60000)]
  0x000000001fa5c800 JavaThread "RMI TCP Accept-0" daemon [_thread_in_native, id=8420, stack(0x000000002ba60000,0x000000002bb60000)]
  0x000000001fa5c000 JavaThread "GC Daemon" daemon [_thread_blocked, id=8408, stack(0x000000002b960000,0x000000002ba60000)]
  0x000000001fa58000 JavaThread "RMI Scheduler(0)" daemon [_thread_blocked, id=8400, stack(0x000000001b5c0000,0x000000001b6c0000)]
  0x000000001fa5a800 JavaThread "WorkerExecutor Queue Thread 5" [_thread_blocked, id=3256, stack(0x0000000028420000,0x0000000028520000)]
  0x000000001fa5e000 JavaThread "MarlinRenderer Disposer" daemon [_thread_blocked, id=2524, stack(0x0000000028320000,0x0000000028420000)]
  0x000000001fa59000 JavaThread "Java2D Disposer" daemon [_thread_blocked, id=5400, stack(0x00000000281a0000,0x00000000282a0000)]
  0x0000000019510000 JavaThread "WorkerExecutor Queue Thread 3" [_thread_blocked, id=6200, stack(0x0000000027da0000,0x0000000027ea0000)]
  0x000000001950f800 JavaThread "WorkerExecutor Queue Thread 2" [_thread_blocked, id=228, stack(0x0000000027ca0000,0x0000000027da0000)]
  0x0000000019514800 JavaThread "stdout" [_thread_in_native, id=3920, stack(0x0000000027aa0000,0x0000000027ba0000)]
  0x0000000019514000 JavaThread "stderr" [_thread_in_native, id=3144, stack(0x00000000279a0000,0x0000000027aa0000)]
  0x0000000019513000 JavaThread "stdout" [_thread_in_native, id=5524, stack(0x00000000278a0000,0x00000000279a0000)]
  0x0000000019507000 JavaThread "stderr" [_thread_in_native, id=4440, stack(0x00000000277a0000,0x00000000278a0000)]
  0x0000000019508800 JavaThread "stdout" [_thread_in_native, id=3468, stack(0x00000000276a0000,0x00000000277a0000)]
  0x0000000019506800 JavaThread "stderr" [_thread_in_native, id=1668, stack(0x00000000275a0000,0x00000000276a0000)]
  0x000000001950d000 JavaThread "stdout" [_thread_in_native, id=5756, stack(0x00000000273a0000,0x00000000274a0000)]
  0x0000000019508000 JavaThread "stderr" [_thread_in_native, id=3848, stack(0x00000000260d0000,0x00000000261d0000)]
  0x000000001950e000 JavaThread "pool-21-thread-1" [_thread_blocked, id=2332, stack(0x00000000274a0000,0x00000000275a0000)]
  0x0000000019505800 JavaThread "Cache worker for execution history cache (C:\Users\raul_\Desktop\Digimind-master\.gradle\5.6.4\executionHistory)" [_thread_blocked, id=7732, stack(0x0000000025ad0000,0x0000000025bd0000)]
  0x000000001950b800 JavaThread "Execution worker for ':' Thread 3" [_thread_in_Java, id=7792, stack(0x0000000025190000,0x0000000025290000)]
  0x000000001950b000 JavaThread "Execution worker for ':' Thread 2" [_thread_in_Java, id=112, stack(0x0000000023b50000,0x0000000023c50000)]
  0x000000001950c800 JavaThread "Execution worker for ':'" [_thread_in_Java, id=6764, stack(0x0000000023650000,0x0000000023750000)]
  0x0000000019509800 JavaThread "Cache worker for file content cache (C:\Users\raul_\Desktop\Digimind-master\.gradle\5.6.4\fileContent)" [_thread_blocked, id=6924, stack(0x0000000023550000,0x0000000023650000)]
  0x0000000019a91800 JavaThread "Cache worker for file content cache (C:\Users\raul_\.gradle\caches\5.6.4\fileContent)" [_thread_blocked, id=7848, stack(0x0000000022350000,0x0000000022450000)]
  0x0000000019a94800 JavaThread "Cache worker for Build Output Cleanup Cache (C:\Users\raul_\Desktop\Digimind-master\.gradle\buildOutputCleanup)" [_thread_blocked, id=2388, stack(0x0000000021c50000,0x0000000021d50000)]
  0x0000000019a91000 JavaThread "Build operations Thread 4" [_thread_blocked, id=4972, stack(0x0000000021b50000,0x0000000021c50000)]
  0x000000001f7e7000 JavaThread "Build operations Thread 3" [_thread_blocked, id=360, stack(0x00000000204c0000,0x00000000205c0000)]
  0x000000001f7e6800 JavaThread "Build operations Thread 2" [_thread_blocked, id=1968, stack(0x000000001f3a0000,0x000000001f4a0000)]
  0x000000001f7de800 JavaThread "Build operations" [_thread_blocked, id=3184, stack(0x000000001dc90000,0x000000001dd90000)]
  0x000000001f7e5800 JavaThread "Cache worker for cache directory md-rule (C:\Users\raul_\.gradle\caches\5.6.4\md-rule)" [_thread_blocked, id=6076, stack(0x000000001db90000,0x000000001dc90000)]
  0x000000001f7dd000 JavaThread "Cache worker for cache directory md-supplier (C:\Users\raul_\.gradle\caches\5.6.4\md-supplier)" [_thread_blocked, id=6920, stack(0x000000001d290000,0x000000001d390000)]
  0x000000001f7e1000 JavaThread "Cache worker for file hash cache (C:\Users\raul_\Desktop\Digimind-master\.gradle\5.6.4\fileHashes)" [_thread_blocked, id=7536, stack(0x000000001b9c0000,0x000000001bac0000)]
  0x000000001f7e4000 JavaThread "Thread-28" [_thread_blocked, id=6524, stack(0x000000001b6c0000,0x000000001b7c0000)]
  0x000000001f7db000 JavaThread "Asynchronous log dispatcher for DefaultDaemonConnection: socket connection from /127.0.0.1:64032 to /127.0.0.1:64277" [_thread_blocked, id=8120, stack(0x000000001b2c0000,0x000000001b3c0000)]
  0x000000001f7d9800 JavaThread "Daemon worker Thread 2" [_thread_in_Java, id=5404, stack(0x000000001b1c0000,0x000000001b2c0000)]
  0x000000001f7df800 JavaThread "Cancel handler" [_thread_blocked, id=3668, stack(0x0000000000b50000,0x0000000000c50000)]
  0x000000001f7de000 JavaThread "Handler for socket connection from /127.0.0.1:64032 to /127.0.0.1:64277" [_thread_in_native, id=7312, stack(0x0000000000a50000,0x0000000000b50000)]
  0x000000001f7dc800 JavaThread "Daemon Thread 2" [_thread_blocked, id=1272, stack(0x0000000000950000,0x0000000000a50000)]
  0x000000001f7db800 JavaThread "Memory manager" [_thread_blocked, id=7176, stack(0x0000000023250000,0x0000000023350000)]
  0x000000001f7d8800 JavaThread "Cache worker for execution history cache (C:\Users\raul_\.gradle\caches\5.6.4\executionHistory)" [_thread_blocked, id=7660, stack(0x0000000020680000,0x0000000020780000)]
  0x0000000019a94000 JavaThread "Cache worker for journal cache (C:\Users\raul_\.gradle\caches\journal-1)" [_thread_blocked, id=6736, stack(0x000000001bec0000,0x000000001bfc0000)]
  0x0000000019a93000 JavaThread "File lock request listener" [_thread_in_native, id=7400, stack(0x000000001bdc0000,0x000000001bec0000)]
  0x0000000019a92800 JavaThread "Cache worker for file hash cache (C:\Users\raul_\.gradle\caches\5.6.4\fileHashes)" [_thread_blocked, id=2788, stack(0x000000001bcc0000,0x000000001bdc0000)]
  0x0000000019937800 JavaThread "Daemon periodic checks" [_thread_blocked, id=4596, stack(0x000000001b0c0000,0x000000001b1c0000)]
  0x000000001993e000 JavaThread "Incoming local TCP Connector on port 64032" [_thread_in_native, id=1808, stack(0x000000001ae50000,0x000000001af50000)]
  0x0000000019862800 JavaThread "Daemon health stats" [_thread_blocked, id=6888, stack(0x000000001a810000,0x000000001a910000)]
  0x0000000017a99800 JavaThread "Service Thread" daemon [_thread_blocked, id=3720, stack(0x0000000017e70000,0x0000000017f70000)]
  0x0000000016101000 JavaThread "C1 CompilerThread2" daemon [_thread_blocked, id=6052, stack(0x0000000017970000,0x0000000017a70000)]
  0x00000000160fe800 JavaThread "C2 CompilerThread1" daemon [_thread_in_native, id=4916, stack(0x0000000017870000,0x0000000017970000)]
=>0x00000000160f8800 JavaThread "C2 CompilerThread0" daemon [_thread_in_native, id=7304, stack(0x0000000017770000,0x0000000017870000)]
  0x0000000016106000 JavaThread "Attach Listener" daemon [_thread_blocked, id=5104, stack(0x0000000017670000,0x0000000017770000)]
  0x0000000016105000 JavaThread "Signal Dispatcher" daemon [_thread_blocked, id=7136, stack(0x0000000017570000,0x0000000017670000)]
  0x000000000278b000 JavaThread "Finalizer" daemon [_thread_blocked, id=7236, stack(0x0000000017350000,0x0000000017450000)]
  0x00000000160e9000 JavaThread "Reference Handler" daemon [_thread_blocked, id=8176, stack(0x0000000017250000,0x0000000017350000)]
  0x0000000000cbe800 JavaThread "main" [_thread_blocked, id=3460, stack(0x0000000002520000,0x0000000002620000)]

Other Threads:
  0x00000000160c6800 VMThread [stack: 0x0000000017150000,0x0000000017250000] [id=6428]
  0x0000000017a9a000 WatcherThread [stack: 0x0000000017f70000,0x0000000018070000] [id=7184]

VM state:not at safepoint (normal execution)

VM Mutex/Monitor currently owned by a thread: None

heap address: 0x00000000a0000000, size: 1536 MB, Compressed Oops mode: 32-bit
Narrow klass base: 0x0000000000000000, Narrow klass shift: 3
Compressed class space size: 1073741824 Address: 0x0000000100000000

Heap:
 PSYoungGen      total 458240K, used 375604K [0x00000000e0000000, 0x0000000100000000, 0x0000000100000000)
  eden space 421888K, 81% used [0x00000000e0000000,0x00000000f50931e8,0x00000000f9c00000)
  from space 36352K, 85% used [0x00000000f9c00000,0x00000000fba39fb8,0x00000000fbf80000)
  to   space 39424K, 0% used [0x00000000fd980000,0x00000000fd980000,0x0000000100000000)
 ParOldGen       total 258048K, used 63833K [0x00000000a0000000, 0x00000000afc00000, 0x00000000e0000000)
  object space 258048K, 24% used [0x00000000a0000000,0x00000000a3e566d8,0x00000000afc00000)
 Metaspace       used 110033K, capacity 115152K, committed 115456K, reserved 1148928K
  class space    used 14172K, capacity 15264K, committed 15360K, reserved 1048576K

Card table byte_map: [0x0000000011b50000,0x0000000011e60000] byte_map_base: 0x0000000011650000

Marking Bits: (ParMarkBitMap*) 0x00000000574d9f30
 Begin Bits: [0x0000000012460000, 0x0000000013c60000)
 End Bits:   [0x0000000013c60000, 0x0000000015460000)

Polling page: 0x0000000000c90000

CodeCache: size=245760Kb used=61429Kb max_used=61643Kb free=184330Kb
 bounds [0x0000000002790000, 0x0000000006420000, 0x0000000011790000]
 total_blobs=18349 nmethods=17287 adapters=973
 compilation: enabled

Compilation events (10 events):
Event: 450.465 Thread 0x0000000016101000 21524       2       com.android.tools.r8.code.P0::a (29 bytes)
Event: 450.465 Thread 0x0000000016101000 nmethod 21524 0x0000000005c41450 code [0x0000000005c415e0, 0x0000000005c41838]
Event: 450.465 Thread 0x0000000016101000 21525       1       com.android.tools.r8.code.l2::j (4 bytes)
Event: 450.465 Thread 0x0000000016101000 nmethod 21525 0x0000000005c41110 code [0x0000000005c41260, 0x0000000005c41370]
Event: 450.465 Thread 0x0000000016101000 21526       2       com.android.tools.r8.dex.DexOutputBuffer::d (22 bytes)
Event: 450.465 Thread 0x0000000016101000 nmethod 21526 0x0000000005c83b10 code [0x0000000005c83c80, 0x0000000005c83e58]
Event: 450.468 Thread 0x0000000016101000 21527       2       java.util.WeakHashMap$EntryIterator::next (5 bytes)
Event: 450.469 Thread 0x0000000016101000 nmethod 21527 0x0000000005c1ad10 code [0x0000000005c1ae80, 0x0000000005c1afe8]
Event: 450.469 Thread 0x0000000016101000 21528       2       java.util.WeakHashMap$EntryIterator::next (5 bytes)
Event: 450.469 Thread 0x0000000016101000 nmethod 21528 0x0000000005c83790 code [0x0000000005c83900, 0x0000000005c83a68]

GC Heap History (10 events):
Event: 438.238 GC heap before
{Heap before GC invocations=21 (full 4):
 PSYoungGen      total 364544K, used 11268K [0x00000000e0000000, 0x00000000f9980000, 0x0000000100000000)
  eden space 352768K, 0% used [0x00000000e0000000,0x00000000e0000000,0x00000000f5880000)
  from space 11776K, 95% used [0x00000000f6580000,0x00000000f70813f8,0x00000000f7100000)
  to   space 33280K, 0% used [0x00000000f7900000,0x00000000f7900000,0x00000000f9980000)
 ParOldGen       total 182784K, used 77460K [0x00000000a0000000, 0x00000000ab280000, 0x00000000e0000000)
  object space 182784K, 42% used [0x00000000a0000000,0x00000000a4ba5080,0x00000000ab280000)
 Metaspace       used 94307K, capacity 98436K, committed 98560K, reserved 1134592K
  class space    used 12147K, capacity 12994K, committed 13056K, reserved 1048576K
Event: 438.488 GC heap after
Heap after GC invocations=21 (full 4):
 PSYoungGen      total 364544K, used 0K [0x00000000e0000000, 0x00000000f9980000, 0x0000000100000000)
  eden space 352768K, 0% used [0x00000000e0000000,0x00000000e0000000,0x00000000f5880000)
  from space 11776K, 0% used [0x00000000f6580000,0x00000000f6580000,0x00000000f7100000)
  to   space 33280K, 0% used [0x00000000f7900000,0x00000000f7900000,0x00000000f9980000)
 ParOldGen       total 258048K, used 63825K [0x00000000a0000000, 0x00000000afc00000, 0x00000000e0000000)
  object space 258048K, 24% used [0x00000000a0000000,0x00000000a3e546d8,0x00000000afc00000)
 Metaspace       used 94114K, capacity 97896K, committed 98560K, reserved 1134592K
  class space    used 12085K, capacity 12884K, committed 13056K, reserved 1048576K
}
Event: 442.905 GC heap before
{Heap before GC invocations=22 (full 4):
 PSYoungGen      total 364544K, used 352768K [0x00000000e0000000, 0x00000000f9980000, 0x0000000100000000)
  eden space 352768K, 100% used [0x00000000e0000000,0x00000000f5880000,0x00000000f5880000)
  from space 11776K, 0% used [0x00000000f6580000,0x00000000f6580000,0x00000000f7100000)
  to   space 33280K, 0% used [0x00000000f7900000,0x00000000f7900000,0x00000000f9980000)
 ParOldGen       total 258048K, used 63825K [0x00000000a0000000, 0x00000000afc00000, 0x00000000e0000000)
  object space 258048K, 24% used [0x00000000a0000000,0x00000000a3e546d8,0x00000000afc00000)
 Metaspace       used 99938K, capacity 103918K, committed 104448K, reserved 1140736K
  class space    used 12846K, capacity 13675K, committed 13824K, reserved 1048576K
Event: 442.931 GC heap after
Heap after GC invocations=22 (full 4):
 PSYoungGen      total 386560K, used 19100K [0x00000000e0000000, 0x00000000fd400000, 0x0000000100000000)
  eden space 353280K, 0% used [0x00000000e0000000,0x00000000e0000000,0x00000000f5900000)
  from space 33280K, 57% used [0x00000000f7900000,0x00000000f8ba7128,0x00000000f9980000)
  to   space 32768K, 0% used [0x00000000f5900000,0x00000000f5900000,0x00000000f7900000)
 ParOldGen       total 258048K, used 63833K [0x00000000a0000000, 0x00000000afc00000, 0x00000000e0000000)
  object space 258048K, 24% used [0x00000000a0000000,0x00000000a3e566d8,0x00000000afc00000)
 Metaspace       used 99938K, capacity 103918K, committed 104448K, reserved 1140736K
  class space    used 12846K, capacity 13675K, committed 13824K, reserved 1048576K
}
Event: 445.218 GC heap before
{Heap before GC invocations=23 (full 4):
 PSYoungGen      total 386560K, used 372380K [0x00000000e0000000, 0x00000000fd400000, 0x0000000100000000)
  eden space 353280K, 100% used [0x00000000e0000000,0x00000000f5900000,0x00000000f5900000)
  from space 33280K, 57% used [0x00000000f7900000,0x00000000f8ba7128,0x00000000f9980000)
  to   space 32768K, 0% used [0x00000000f5900000,0x00000000f5900000,0x00000000f7900000)
 ParOldGen       total 258048K, used 63833K [0x00000000a0000000, 0x00000000afc00000, 0x00000000e0000000)
  object space 258048K, 24% used [0x00000000a0000000,0x00000000a3e566d8,0x00000000afc00000)
 Metaspace       used 107363K, capacity 112120K, committed 112256K, reserved 1146880K
  class space    used 13876K, capacity 14876K, committed 14976K, reserved 1048576K
Event: 445.245 GC heap after
Heap after GC invocations=23 (full 4):
 PSYoungGen      total 386048K, used 26853K [0x00000000e0000000, 0x00000000fe200000, 0x0000000100000000)
  eden space 353280K, 0% used [0x00000000e0000000,0x00000000e0000000,0x00000000f5900000)
  from space 32768K, 81% used [0x00000000f5900000,0x00000000f7339528,0x00000000f7900000)
  to   space 35328K, 0% used [0x00000000fbf80000,0x00000000fbf80000,0x00000000fe200000)
 ParOldGen       total 258048K, used 63833K [0x00000000a0000000, 0x00000000afc00000, 0x00000000e0000000)
  object space 258048K, 24% used [0x00000000a0000000,0x00000000a3e566d8,0x00000000afc00000)
 Metaspace       used 107363K, capacity 112120K, committed 112256K, reserved 1146880K
  class space    used 13876K, capacity 14876K, committed 14976K, reserved 1048576K
}
Event: 448.466 GC heap before
{Heap before GC invocations=24 (full 4):
 PSYoungGen      total 386048K, used 380133K [0x00000000e0000000, 0x00000000fe200000, 0x0000000100000000)
  eden space 353280K, 100% used [0x00000000e0000000,0x00000000f5900000,0x00000000f5900000)
  from space 32768K, 81% used [0x00000000f5900000,0x00000000f7339528,0x00000000f7900000)
  to   space 35328K, 0% used [0x00000000fbf80000,0x00000000fbf80000,0x00000000fe200000)
 ParOldGen       total 258048K, used 63833K [0x00000000a0000000, 0x00000000afc00000, 0x00000000e0000000)
  object space 258048K, 24% used [0x00000000a0000000,0x00000000a3e566d8,0x00000000afc00000)
 Metaspace       used 109641K, capacity 114718K, committed 114816K, reserved 1148928K
  class space    used 14147K, capacity 15221K, committed 15232K, reserved 1048576K
Event: 448.528 GC heap after
Heap after GC invocations=24 (full 4):
 PSYoungGen      total 457216K, used 24160K [0x00000000e0000000, 0x00000000ff000000, 0x0000000100000000)
  eden space 421888K, 0% used [0x00000000e0000000,0x00000000e0000000,0x00000000f9c00000)
  from space 35328K, 68% used [0x00000000fbf80000,0x00000000fd718088,0x00000000fe200000)
  to   space 36352K, 0% used [0x00000000f9c00000,0x00000000f9c00000,0x00000000fbf80000)
 ParOldGen       total 258048K, used 63833K [0x00000000a0000000, 0x00000000afc00000, 0x00000000e0000000)
  object space 258048K, 24% used [0x00000000a0000000,0x00000000a3e566d8,0x00000000afc00000)
 Metaspace       used 109641K, capacity 114718K, committed 114816K, reserved 1148928K
  class space    used 14147K, capacity 15221K, committed 15232K, reserved 1048576K
}
Event: 449.914 GC heap before
{Heap before GC invocations=25 (full 4):
 PSYoungGen      total 457216K, used 446048K [0x00000000e0000000, 0x00000000ff000000, 0x0000000100000000)
  eden space 421888K, 100% used [0x00000000e0000000,0x00000000f9c00000,0x00000000f9c00000)
  from space 35328K, 68% used [0x00000000fbf80000,0x00000000fd718088,0x00000000fe200000)
  to   space 36352K, 0% used [0x00000000f9c00000,0x00000000f9c00000,0x00000000fbf80000)
 ParOldGen       total 258048K, used 63833K [0x00000000a0000000, 0x00000000afc00000, 0x00000000e0000000)
  object space 258048K, 24% used [0x00000000a0000000,0x00000000a3e566d8,0x00000000afc00000)
 Metaspace       used 109943K, capacity 115072K, committed 115200K, reserved 1148928K
  class space    used 14169K, capacity 15262K, committed 15360K, reserved 1048576K
Event: 449.966 GC heap after
Heap after GC invocations=25 (full 4):
 PSYoungGen      total 458240K, used 30951K [0x00000000e0000000, 0x0000000100000000, 0x0000000100000000)
  eden space 421888K, 0% used [0x00000000e0000000,0x00000000e0000000,0x00000000f9c00000)
  from space 36352K, 85% used [0x00000000f9c00000,0x00000000fba39fb8,0x00000000fbf80000)
  to   space 39424K, 0% used [0x00000000fd980000,0x00000000fd980000,0x0000000100000000)
 ParOldGen       total 258048K, used 63833K [0x00000000a0000000, 0x00000000afc00000, 0x00000000e0000000)
  object space 258048K, 24% used [0x00000000a0000000,0x00000000a3e566d8,0x00000000afc00000)
 Metaspace       used 109943K, capacity 115072K, committed 115200K, reserved 1148928K
  class space    used 14169K, capacity 15262K, committed 15360K, reserved 1048576K
}

Deoptimization events (10 events):
Event: 447.761 Thread 0x000000001950b000 Uncommon trap: reason=unstable_if action=reinterpret pc=0x00000000060f73c4 method=com.android.tools.r8.s.a.a.b.t0.b(I[Ljava/lang/Object;)Lcom/android/tools/r8/s/a/a/b/t0; @ 155
Event: 449.088 Thread 0x000000001f7d9800 Uncommon trap: reason=unstable_if action=reinterpret pc=0x0000000005846a70 method=java.util.TimSort.mergeHi(IIII)V @ 503
Event: 449.437 Thread 0x000000001950b800 Uncommon trap: reason=unstable_if action=reinterpret pc=0x000000000622b77c method=com.android.tools.r8.u.c.n.a(ILjava/util/List;Lcom/android/tools/r8/v/a/a/a/h/Q0;ZLcom/android/tools/r8/graph/V;)Lcom/android/tools/r8/u/c/n; @ 258
Event: 449.437 Thread 0x000000001950b800 Uncommon trap: reason=unstable_if action=reinterpret pc=0x0000000006145e28 method=com.android.tools.r8.u.c.o.e(I)Lcom/android/tools/r8/graph/r; @ 4
Event: 449.441 Thread 0x000000001950b800 Uncommon trap: reason=unstable_if action=reinterpret pc=0x00000000062967d8 method=com.android.tools.r8.u.c.o.a(Lcom/android/tools/r8/u/c/M;IZ)V @ 3
Event: 449.442 Thread 0x000000001950b800 Uncommon trap: reason=unstable_if action=reinterpret pc=0x000000000624fd8c method=com.android.tools.r8.u.c.n.a(ILjava/util/List;Lcom/android/tools/r8/v/a/a/a/h/Q0;ZLcom/android/tools/r8/graph/V;)Lcom/android/tools/r8/u/c/n; @ 258
Event: 449.725 Thread 0x000000001950c800 Uncommon trap: reason=class_check action=maybe_recompile pc=0x0000000005a2b278 method=com.android.tools.r8.v.a.a.a.f.Z.equals(Ljava/lang/Object;)Z @ 1
Event: 449.827 Thread 0x000000001950c800 Uncommon trap: reason=class_check action=maybe_recompile pc=0x0000000005a2b278 method=com.android.tools.r8.v.a.a.a.f.Z.equals(Ljava/lang/Object;)Z @ 1
Event: 450.176 Thread 0x000000001950c800 Uncommon trap: reason=class_check action=maybe_recompile pc=0x0000000005a2b278 method=com.android.tools.r8.v.a.a.a.f.Z.equals(Ljava/lang/Object;)Z @ 1
Event: 450.185 Thread 0x000000001950c800 Uncommon trap: reason=class_check action=maybe_recompile pc=0x0000000005a2b278 method=com.android.tools.r8.v.a.a.a.f.Z.equals(Ljava/lang/Object;)Z @ 1

Classes redefined (0 events):
No events

Internal exceptions (10 events):
Event: 449.705 Thread 0x000000001f7d9800 Exception <a 'sun/nio/fs/WindowsException'> (0x00000000f6d351e0) thrown at [D:\src\AOSP-openjdk-cygwin\jdk8u\hotspot\src\share\vm\prims\jni.cpp, line 710]
Event: 449.768 Thread 0x000000001950b000 Exception <a 'sun/nio/fs/WindowsException'> (0x00000000f773f920) thrown at [D:\src\AOSP-openjdk-cygwin\jdk8u\hotspot\src\share\vm\prims\jni.cpp, line 710]
Event: 449.824 Thread 0x000000001950b000 Exception <a 'sun/nio/fs/WindowsException'> (0x00000000f843ea78) thrown at [D:\src\AOSP-openjdk-cygwin\jdk8u\hotspot\src\share\vm\prims\jni.cpp, line 710]
Event: 449.895 Thread 0x000000001950b800 Exception <a 'sun/nio/fs/WindowsException'> (0x00000000f91f3b88) thrown at [D:\src\AOSP-openjdk-cygwin\jdk8u\hotspot\src\share\vm\prims\jni.cpp, line 710]
Event: 450.097 Thread 0x000000001950b800 Exception <a 'sun/nio/fs/WindowsException'> (0x00000000e302ad88) thrown at [D:\src\AOSP-openjdk-cygwin\jdk8u\hotspot\src\share\vm\prims\jni.cpp, line 710]
Event: 450.176 Thread 0x000000001950b000 Exception <a 'sun/nio/fs/WindowsException'> (0x00000000e455a600) thrown at [D:\src\AOSP-openjdk-cygwin\jdk8u\hotspot\src\share\vm\prims\jni.cpp, line 710]
Event: 450.182 Thread 0x000000001f7d9800 Exception <a 'sun/nio/fs/WindowsException'> (0x00000000e3cd8730) thrown at [D:\src\AOSP-openjdk-cygwin\jdk8u\hotspot\src\share\vm\prims\jni.cpp, line 710]
Event: 450.389 Thread 0x000000001950b000 Exception <a 'sun/nio/fs/WindowsException'> (0x00000000ea4382d0) thrown at [D:\src\AOSP-openjdk-cygwin\jdk8u\hotspot\src\share\vm\prims\jni.cpp, line 710]
Event: 450.461 Thread 0x000000001950b800 Exception <a 'sun/nio/fs/WindowsException'> (0x00000000ec292d28) thrown at [D:\src\AOSP-openjdk-cygwin\jdk8u\hotspot\src\share\vm\prims\jni.cpp, line 710]
Event: 450.466 Thread 0x000000001f7d9800 Exception <a 'sun/nio/fs/WindowsException'> (0x00000000ec4da568) thrown at [D:\src\AOSP-openjdk-cygwin\jdk8u\hotspot\src\share\vm\prims\jni.cpp, line 710]

Events (10 events):
Event: 450.451 Thread 0x000000001f7d9800 DEOPT PACKING pc=0x00000000062b35a7 sp=0x000000001b2b9100
Event: 450.451 Thread 0x000000001f7d9800 DEOPT UNPACKING pc=0x00000000027d75d0 sp=0x000000001b2b8e60 mode 0
Event: 450.451 Thread 0x000000001f7d9800 DEOPT PACKING pc=0x00000000062ca506 sp=0x000000001b2b8f30
Event: 450.451 Thread 0x000000001f7d9800 DEOPT UNPACKING pc=0x00000000027d75d0 sp=0x000000001b2b8ca8 mode 0
Event: 450.452 Thread 0x000000001f7d9800 DEOPT PACKING pc=0x000000000614b03e sp=0x000000001b2b8f40
Event: 450.452 Thread 0x000000001f7d9800 DEOPT UNPACKING pc=0x00000000027d75d0 sp=0x000000001b2b8cb0 mode 0
Event: 450.453 Thread 0x000000001f7d9800 DEOPT PACKING pc=0x000000000609b73a sp=0x000000001b2b8a80
Event: 450.453 Thread 0x000000001f7d9800 DEOPT UNPACKING pc=0x00000000027d75d0 sp=0x000000001b2b87c0 mode 0
Event: 450.470 Thread 0x000000001950c800 DEOPT PACKING pc=0x00000000063319e2 sp=0x000000002374a700
Event: 450.470 Thread 0x000000001950c800 DEOPT UNPACKING pc=0x00000000027d75d0 sp=0x000000002374a810 mode 0


Dynamic libraries:
0x00007ff64dde0000 - 0x00007ff64de11000 	C:\Program Files\Android\Android Studio\jre\bin\java.exe
0x00007ffa7b360000 - 0x00007ffa7b550000 	C:\Windows\SYSTEM32\ntdll.dll
0x00007ffa794c0000 - 0x00007ffa79572000 	C:\Windows\System32\KERNEL32.DLL
0x00007ffa782f0000 - 0x00007ffa78593000 	C:\Windows\System32\KERNELBASE.dll
0x00007ffa7aa00000 - 0x00007ffa7aaa3000 	C:\Windows\System32\ADVAPI32.dll
0x00007ffa79cf0000 - 0x00007ffa79d8e000 	C:\Windows\System32\msvcrt.dll
0x00007ffa7a6b0000 - 0x00007ffa7a747000 	C:\Windows\System32\sechost.dll
0x00007ffa7a8e0000 - 0x00007ffa7aa00000 	C:\Windows\System32\RPCRT4.dll
0x00007ffa7a490000 - 0x00007ffa7a624000 	C:\Windows\System32\USER32.dll
0x00007ffa793e0000 - 0x00007ffa79401000 	C:\Windows\System32\win32u.dll
0x00007ffa79f90000 - 0x00007ffa79fb6000 	C:\Windows\System32\GDI32.dll
0x00007ffa78930000 - 0x00007ffa78ac4000 	C:\Windows\System32\gdi32full.dll
0x00007ffa78760000 - 0x00007ffa787fe000 	C:\Windows\System32\msvcp_win.dll
0x00007ffa78830000 - 0x00007ffa7892a000 	C:\Windows\System32\ucrtbase.dll
0x00007ffa77660000 - 0x00007ffa778e5000 	C:\Windows\WinSxS\amd64_microsoft.windows.common-controls_6595b64144ccf1df_6.0.18362.719_none_e6c7b883130c6729\COMCTL32.dll
0x00007ffa7ad10000 - 0x00007ffa7b046000 	C:\Windows\System32\combase.dll
0x00007ffa79360000 - 0x00007ffa793e0000 	C:\Windows\System32\bcryptPrimitives.dll
0x00007ffa7a770000 - 0x00007ffa7a79e000 	C:\Windows\System32\IMM32.DLL
0x0000000056b50000 - 0x0000000056c22000 	C:\Program Files\Android\Android Studio\jre\jre\bin\msvcr100.dll
0x0000000056d10000 - 0x0000000057556000 	C:\Program Files\Android\Android Studio\jre\jre\bin\server\jvm.dll
0x00007ffa79ce0000 - 0x00007ffa79ce8000 	C:\Windows\System32\PSAPI.DLL
0x00007ffa75100000 - 0x00007ffa75124000 	C:\Windows\SYSTEM32\WINMM.dll
0x00007ffa764e0000 - 0x00007ffa764e9000 	C:\Windows\SYSTEM32\WSOCK32.dll
0x00007ffa6ea50000 - 0x00007ffa6ea5a000 	C:\Windows\SYSTEM32\VERSION.dll
0x00007ffa7a870000 - 0x00007ffa7a8df000 	C:\Windows\System32\WS2_32.dll
0x00007ffa74d90000 - 0x00007ffa74dbd000 	C:\Windows\SYSTEM32\winmmbase.dll
0x00007ffa785c0000 - 0x00007ffa7860a000 	C:\Windows\System32\cfgmgr32.dll
0x00007ffa76360000 - 0x00007ffa7636f000 	C:\Program Files\Android\Android Studio\jre\jre\bin\verify.dll
0x00007ffa76330000 - 0x00007ffa76359000 	C:\Program Files\Android\Android Studio\jre\jre\bin\java.dll
0x00007ffa762a0000 - 0x00007ffa762b6000 	C:\Program Files\Android\Android Studio\jre\jre\bin\zip.dll
0x00007ffa795f0000 - 0x00007ffa79cd5000 	C:\Windows\System32\SHELL32.dll
0x00007ffa7ac60000 - 0x00007ffa7ad09000 	C:\Windows\System32\shcore.dll
0x00007ffa78b30000 - 0x00007ffa792b0000 	C:\Windows\System32\windows.storage.dll
0x00007ffa782c0000 - 0x00007ffa782e3000 	C:\Windows\System32\profapi.dll
0x00007ffa78270000 - 0x00007ffa782ba000 	C:\Windows\System32\powrprof.dll
0x00007ffa78220000 - 0x00007ffa78230000 	C:\Windows\System32\UMPDC.dll
0x00007ffa79fc0000 - 0x00007ffa7a012000 	C:\Windows\System32\shlwapi.dll
0x00007ffa78250000 - 0x00007ffa78261000 	C:\Windows\System32\kernel.appcore.dll
0x00007ffa785a0000 - 0x00007ffa785b7000 	C:\Windows\System32\cryptsp.dll
0x00007ffa76220000 - 0x00007ffa7623a000 	C:\Program Files\Android\Android Studio\jre\jre\bin\net.dll
0x00007ffa6ec40000 - 0x00007ffa6ee15000 	C:\Windows\SYSTEM32\urlmon.dll
0x00007ffa70130000 - 0x00007ffa703d6000 	C:\Windows\SYSTEM32\iertutil.dll
0x00007ffa77580000 - 0x00007ffa7758c000 	C:\Windows\SYSTEM32\CRYPTBASE.DLL
0x00007ffa773b0000 - 0x00007ffa77417000 	C:\Windows\system32\mswsock.dll
0x00007ffa761d0000 - 0x00007ffa761e3000 	C:\Program Files\Android\Android Studio\jre\jre\bin\nio.dll
0x00007ffa76450000 - 0x00007ffa76476000 	C:\Users\raul_\.gradle\native\30\windows-amd64\native-platform.dll
0x00007ffa76320000 - 0x00007ffa7632d000 	C:\Program Files\Android\Android Studio\jre\jre\bin\management.dll
0x00007ffa76f20000 - 0x00007ffa76f53000 	C:\Windows\system32\rsaenh.dll
0x00007ffa78800000 - 0x00007ffa78826000 	C:\Windows\System32\bcrypt.dll
0x00007ffa78110000 - 0x00007ffa78135000 	C:\Windows\SYSTEM32\USERENV.dll
0x00007ffa770c0000 - 0x00007ffa770fa000 	C:\Windows\SYSTEM32\IPHLPAPI.DLL
0x00007ffa7a760000 - 0x00007ffa7a768000 	C:\Windows\System32\NSI.dll
0x00007ffa700e0000 - 0x00007ffa700f6000 	C:\Windows\SYSTEM32\dhcpcsvc6.DLL
0x00007ffa70550000 - 0x00007ffa7056c000 	C:\Windows\SYSTEM32\dhcpcsvc.DLL
0x00007ffa77110000 - 0x00007ffa771da000 	C:\Windows\SYSTEM32\DNSAPI.dll
0x00007ffa77d00000 - 0x00007ffa77d31000 	C:\Windows\SYSTEM32\ntmarta.dll
0x00007ffa72a90000 - 0x00007ffa72ab4000 	C:\Program Files\Android\Android Studio\jre\jre\bin\sunec.dll
0x00007ffa6ab90000 - 0x00007ffa6ab9a000 	C:\Windows\System32\rasadhlp.dll
0x00007ffa6f830000 - 0x00007ffa6f8a7000 	C:\Windows\System32\fwpuclnt.dll
0x00007ffa76560000 - 0x00007ffa7656b000 	C:\Program Files\Android\Android Studio\jre\jre\bin\sunmscapi.dll
0x00007ffa78610000 - 0x00007ffa78759000 	C:\Windows\System32\CRYPT32.dll
0x00007ffa78230000 - 0x00007ffa78242000 	C:\Windows\System32\MSASN1.dll
0x00007ffa758d0000 - 0x00007ffa7595f000 	C:\Windows\system32\apphelp.dll
0x00007ffa64ac0000 - 0x00007ffa64c5c000 	C:\Program Files\Android\Android Studio\jre\jre\bin\awt.dll
0x00007ffa7a7a0000 - 0x00007ffa7a864000 	C:\Windows\System32\OLEAUT32.dll
0x00007ffa75df0000 - 0x00007ffa75e1d000 	C:\Windows\SYSTEM32\dwmapi.dll
0x00007ffa74370000 - 0x00007ffa74930000 	C:\Windows\SYSTEM32\d2d1.dll
0x00007ffa759a0000 - 0x00007ffa75a39000 	C:\Windows\system32\uxtheme.dll
0x00007ffa4a6f0000 - 0x00007ffa4a70e000 	C:\Users\raul_\AppData\Local\Temp\native-platform5141617884538577011dir\native-platform.dll
0x00007ffa77b00000 - 0x00007ffa77cf4000 	C:\Windows\SYSTEM32\dbghelp.dll

VM Arguments:
jvm_args: -Xmx1536m -Dfile.encoding=windows-1252 -Duser.country=MX -Duser.language=es -Duser.variant 
java_command: org.gradle.launcher.daemon.bootstrap.GradleDaemon 5.6.4
java_class_path (initial): C:\Users\raul_\.gradle\wrapper\dists\gradle-5.6.4-all\ankdp27end7byghfw1q2sw75f\gradle-5.6.4\lib\gradle-launcher-5.6.4.jar
Launcher Type: SUN_STANDARD

Environment Variables:
PATH=C:\Program Files (x86)\Common Files\Oracle\Java\javapath;C:\Python27\;C:\Python27\Scripts;C:\Windows\system32;C:\Windows;C:\Windows\System32\Wbem;C:\Windows\System32\WindowsPowerShell\v1.0\;C:\Windows\System32\OpenSSH\;C:\Program Files\nodejs\;C:\ProgramData\chocolatey\bin;C:\Program Files\Git\cmd;C:\Program Files (x86)\Yarn\bin\;C:\Users\raul_\AppData\Local\Programs\Python\Python37-32\Scripts\;C:\Users\raul_\AppData\Local\Programs\Python\Python37-32\;C:\Users\raul_\AppData\Local\Microsoft\WindowsApps;;C:\Users\raul_\AppData\Local\Programs\Microsoft VS Code\bin;C:\Users\raul_\AppData\Roaming\npm;C:\Users\raul_\AppData\Local\Yarn\bin
USERNAME=raul_
OS=Windows_NT
PROCESSOR_IDENTIFIER=Intel64 Family 6 Model 94 Stepping 3, GenuineIntel



---------------  S Y S T E M  ---------------

OS: Windows 10.0 , 64 bit Build 18362 (10.0.18362.329)

CPU:total 4 (initial active 4) (4 cores per cpu, 1 threads per core) family 6 model 94 stepping 3, cmov, cx8, fxsr, mmx, sse, sse2, sse3, ssse3, sse4.1, sse4.2, popcnt, avx, avx2, aes, clmul, erms, 3dnowpref, lzcnt, tsc, tscinvbit, bmi1, bmi2, adx

Memory: 4k page, physical 16732076k(5458380k free), swap 21467052k(5495340k free)

vm_info: OpenJDK 64-Bit Server VM (25.212-b04) for windows-amd64 JRE (1.8.0_212-release-1586-b04), built by "builder" with MS VC++ 10.0 (VS2010)

time: Thu Mar 19 13:03:51 2020
timezone: Hora estándar Montañas, EE.UU.
elapsed time: 450 seconds (0d 0h 7m 30s)

